<?xml version="1.0" encoding="UTF-8"?>
<testng-results ignored="0" total="2" passed="2" failed="0" skipped="0">
  <reporter-output>
  </reporter-output>
  <suite started-at="2023-12-20T20:30:52 IST" name="Default suite" finished-at="2023-12-20T20:31:20 IST" duration-ms="27744">
    <groups>
    </groups>
    <test started-at="2023-12-20T20:30:52 IST" name="Default test" finished-at="2023-12-20T20:31:20 IST" duration-ms="27744">
      <class name="testpkg.Testclass">
        <test-method is-config="true" signature="setUp()[pri:0, instance:testpkg.Testclass@6d4d66d2]" started-at="2023-12-20T20:30:52 IST" name="setUp" finished-at="2023-12-20T20:31:00 IST" duration-ms="7655" status="PASS">
          <reporter-output>
          </reporter-output>
        </test-method> <!-- setUp -->
        <test-method signature="login()[pri:0, instance:testpkg.Testclass@6d4d66d2]" started-at="2023-12-20T20:31:00 IST" name="login" finished-at="2023-12-20T20:31:17 IST" duration-ms="17232" status="PASS">
          <reporter-output>
          </reporter-output>
        </test-method> <!-- login -->
        <test-method signature="test2()[pri:0, instance:testpkg.Testclass@6d4d66d2]" started-at="2023-12-20T20:31:17 IST" name="test2" finished-at="2023-12-20T20:31:20 IST" duration-ms="2763" status="PASS">
          <reporter-output>
          </reporter-output>
        </test-method> <!-- test2 -->
      </class> <!-- testpkg.Testclass -->
    </test> <!-- Default test -->
  </suite> <!-- Default suite -->
</testng-results>
